2025-05-12 22:47:49: Контакты успешно загружены
2025-05-12 22:47:49: Сервер запущен на http://localhost:3000
2025-05-12 22:47:49: GET запросы, где можно перейти по ссылке:
2025-05-12 22:47:49: Список контактов: http://localhost:3000/contacts
2025-05-12 22:47:49: Контакт по id: http://localhost:3000/contacts/id/1
2025-05-12 22:47:49: Контакт по ФИО: http://localhost:3000/contacts/by-name?fullName=Ivanov
2025-05-12 22:47:49: Сортировка по ФИО по возрастанию: http://localhost:3000/contacts/sort-by-name?order=asc
2025-05-12 22:47:49: Сортировка по ФИО по убыванию: http://localhost:3000/contacts/sort-by-name?order=desc
2025-05-12 22:47:49: Сортировка по адресу по возрастанию: http://localhost:3000/contacts/sort-by-address?order=asc
2025-05-12 22:47:49: Сортировка по адресу по убыванию: http://localhost:3000/contacts/sort-by-address?order=desc
2025-05-12 22:49:58: [2025-05-12T15:49:58.131Z] GET /
2025-05-12 22:49:58: [2025-05-12T15:49:58.424Z] GET /favicon.ico
2025-05-12 22:50:03: [2025-05-12T15:50:03.916Z] GET /contacts
2025-05-12 22:50:17: [2025-05-12T15:50:17.621Z] GET /contacts/sort-by-address?order=desc
2025-05-12 23:13:19: [2025-05-12T16:13:19.897Z] GET /contacts
2025-05-12 23:13:24: [2025-05-12T16:13:24.006Z] GET /contacts/id/1
2025-05-12 23:13:27: [2025-05-12T16:13:27.388Z] GET /contacts/sort-by-address?order=desc
2025-05-12 23:13:31: [2025-05-12T16:13:31.808Z] GET /contacts/by-name?fullName=Ivanov
2025-05-12 23:13:34: [2025-05-12T16:13:34.607Z] GET /contacts/by-name?fullName=Ivanov
2025-05-12 23:21:04: [2025-05-12T16:21:04.918Z] GET /contacts
2025-05-12 23:21:05: [2025-05-12T16:21:05.449Z] GET /contacts
2025-05-12 23:21:05: [2025-05-12T16:21:05.926Z] GET /contacts
2025-05-12 23:21:06: [2025-05-12T16:21:06.319Z] GET /contacts
2025-05-12 23:21:06: [2025-05-12T16:21:06.756Z] GET /contacts
2025-05-12 23:21:06: [2025-05-12T16:21:06.949Z] GET /contacts
2025-05-12 23:21:07: [2025-05-12T16:21:07.131Z] GET /contacts
2025-05-12 23:21:07: [2025-05-12T16:21:07.333Z] GET /contacts
2025-05-12 23:21:07: [2025-05-12T16:21:07.512Z] GET /contacts
2025-05-12 23:21:07: [2025-05-12T16:21:07.689Z] GET /contacts
2025-05-12 23:21:07: [2025-05-12T16:21:07.937Z] GET /contacts
